23:04:50.037 [main] INFO  com.intuit.karate.StepDefs - ide running: /Users/jelena/IntelliJ/api-testing/src/test/java/features/apitests/authorization.feature
23:04:50.952 [main] INFO  com.intuit.karate - karate.env system property was: null 
23:04:51.673 [main] DEBUG com.intuit.karate - 
1 > POST http://207.154.242.0:8888/v1/authorize
1 > Accept-Encoding: gzip,deflate
1 > Connection: Keep-Alive
1 > Content-Length: 26
1 > Content-Type: application/json
1 > Host: 207.154.242.0:8888
1 > User-Agent: Apache-HttpClient/4.5.3 (Java/1.8.0_201)
{"login":"123","pwd":"45"}

23:04:51.834 [main] DEBUG com.intuit.karate - 
1 < 401
1 < Connection: keep-alive
1 < Content-Type: text/html;charset=UTF-8
1 < Date: Tue, 05 Mar 2019 21:04:51 GMT
1 < Server: nginx/1.13.3
1 < Transfer-Encoding: chunked
1 < X-Powered-By: PHP/7.1.8
{"Result":0,"Details":"User does not exists"}

23:04:51.835 [main] DEBUG com.intuit.karate - response time in milliseconds: 759
23:04:51.839 [main] ERROR com.intuit.karate - status code was: 401, expected: 200, response time: 759, url: http://207.154.242.0:8888/v1/authorize, response: {"Result":0,"Details":"User does not exists"}
23:04:51.854 [main] INFO  com.intuit.karate.StepDefs - ide running: /Users/jelena/IntelliJ/api-testing/src/test/java/features/apitests/authorization.feature
23:04:52.001 [main] INFO  com.intuit.karate - karate.env system property was: null 
23:04:52.079 [main] DEBUG com.intuit.karate - 
1 > POST http://207.154.242.0:8888/v1/authorize
1 > Accept-Encoding: gzip,deflate
1 > Connection: Keep-Alive
1 > Content-Length: 26
1 > Content-Type: application/json
1 > Host: 207.154.242.0:8888
1 > User-Agent: Apache-HttpClient/4.5.3 (Java/1.8.0_201)
{"login":"123","pwd":"47"}

23:04:52.223 [main] DEBUG com.intuit.karate - 
1 < 401
1 < Connection: keep-alive
1 < Content-Type: text/html;charset=UTF-8
1 < Date: Tue, 05 Mar 2019 21:04:52 GMT
1 < Server: nginx/1.13.3
1 < Transfer-Encoding: chunked
1 < X-Powered-By: PHP/7.1.8
{"Result":0,"Details":"User does not exists"}

23:04:52.224 [main] DEBUG com.intuit.karate - response time in milliseconds: 148
23:04:52.227 [main] ERROR com.intuit.karate - status code was: 401, expected: 400, response time: 148, url: http://207.154.242.0:8888/v1/authorize, response: {"Result":0,"Details":"User does not exists"}
23:05:59.564 [main] INFO  com.intuit.karate.StepDefs - ide running: /Users/jelena/IntelliJ/api-testing/src/test/java/features/apitests/authorization.feature
23:06:00.484 [main] INFO  com.intuit.karate - karate.env system property was: null 
23:06:01.167 [main] DEBUG com.intuit.karate - 
1 > POST http://207.154.242.0:8888/v1/authorize
1 > Accept-Encoding: gzip,deflate
1 > Connection: Keep-Alive
1 > Content-Length: 26
1 > Content-Type: application/json
1 > Host: 207.154.242.0:8888
1 > User-Agent: Apache-HttpClient/4.5.3 (Java/1.8.0_201)
{"login":"123","pwd":"45"}

23:06:01.332 [main] DEBUG com.intuit.karate - 
1 < 401
1 < Connection: keep-alive
1 < Content-Type: text/html;charset=UTF-8
1 < Date: Tue, 05 Mar 2019 21:06:01 GMT
1 < Server: nginx/1.13.3
1 < Transfer-Encoding: chunked
1 < X-Powered-By: PHP/7.1.8
{"Result":0,"Details":"User does not exists"}

23:06:01.333 [main] DEBUG com.intuit.karate - response time in milliseconds: 741
23:06:01.337 [main] ERROR com.intuit.karate - status code was: 401, expected: 200, response time: 741, url: http://207.154.242.0:8888/v1/authorize, response: {"Result":0,"Details":"User does not exists"}
23:06:01.366 [main] INFO  com.intuit.karate.StepDefs - ide running: /Users/jelena/IntelliJ/api-testing/src/test/java/features/apitests/authorization.feature
23:06:01.677 [main] INFO  com.intuit.karate - karate.env system property was: null 
23:06:01.760 [main] DEBUG com.intuit.karate - 
1 > POST http://207.154.242.0:8888/v1/authorize
1 > Accept-Encoding: gzip,deflate
1 > Connection: Keep-Alive
1 > Content-Length: 26
1 > Content-Type: application/json
1 > Host: 207.154.242.0:8888
1 > User-Agent: Apache-HttpClient/4.5.3 (Java/1.8.0_201)
{"login":"123","pwd":"47"}

23:06:01.897 [main] DEBUG com.intuit.karate - 
1 < 401
1 < Connection: keep-alive
1 < Content-Type: text/html;charset=UTF-8
1 < Date: Tue, 05 Mar 2019 21:06:01 GMT
1 < Server: nginx/1.13.3
1 < Transfer-Encoding: chunked
1 < X-Powered-By: PHP/7.1.8
{"Result":0,"Details":"User does not exists"}

23:06:01.897 [main] DEBUG com.intuit.karate - response time in milliseconds: 138
23:06:01.898 [main] ERROR com.intuit.karate - status code was: 401, expected: 400, response time: 138, url: http://207.154.242.0:8888/v1/authorize, response: {"Result":0,"Details":"User does not exists"}
23:06:01.902 [main] INFO  com.intuit.karate.StepDefs - ide running: /Users/jelena/IntelliJ/api-testing/src/test/java/features/apitests/authorization.feature
23:06:02.089 [main] INFO  com.intuit.karate - karate.env system property was: null 
23:06:02.137 [main] DEBUG com.intuit.karate - 
1 > POST http://207.154.242.0:8888/v1/authorize
1 > Accept-Encoding: gzip,deflate
1 > Connection: Keep-Alive
1 > Content-Length: 26
1 > Content-Type: application/json
1 > Host: 207.154.242.0:8888
1 > User-Agent: Apache-HttpClient/4.5.3 (Java/1.8.0_201)
{"login":"123","pwd":"47"}

23:06:02.271 [main] DEBUG com.intuit.karate - 
1 < 401
1 < Connection: keep-alive
1 < Content-Type: text/html;charset=UTF-8
1 < Date: Tue, 05 Mar 2019 21:06:02 GMT
1 < Server: nginx/1.13.3
1 < Transfer-Encoding: chunked
1 < X-Powered-By: PHP/7.1.8
{"Result":0,"Details":"User does not exists"}

23:06:02.272 [main] DEBUG com.intuit.karate - response time in milliseconds: 136
23:13:17.099 [main] INFO  com.intuit.karate.StepDefs - ide running: /Users/jelena/IntelliJ/api-testing/src/test/java/features/apitests/authorization.feature
23:13:18.092 [main] INFO  com.intuit.karate - karate.env system property was: null 
23:13:18.912 [main] DEBUG com.intuit.karate - 
1 > POST http://207.154.242.0:8888/v1/authorize
1 > Accept-Encoding: gzip,deflate
1 > Connection: Keep-Alive
1 > Content-Length: 26
1 > Content-Type: application/json
1 > Host: 207.154.242.0:8888
1 > User-Agent: Apache-HttpClient/4.5.3 (Java/1.8.0_201)
{"login":"123","pwd":"45"}

23:13:19.081 [main] DEBUG com.intuit.karate - 
1 < 401
1 < Connection: keep-alive
1 < Content-Type: text/html;charset=UTF-8
1 < Date: Tue, 05 Mar 2019 21:13:19 GMT
1 < Server: nginx/1.13.3
1 < Transfer-Encoding: chunked
1 < X-Powered-By: PHP/7.1.8
{"Result":0,"Details":"User does not exists"}

23:13:19.083 [main] DEBUG com.intuit.karate - response time in milliseconds: 783
23:13:19.089 [main] ERROR com.intuit.karate - status code was: 401, expected: 200, response time: 783, url: http://207.154.242.0:8888/v1/authorize, response: {"Result":0,"Details":"User does not exists"}
23:13:19.100 [main] INFO  com.intuit.karate.StepDefs - ide running: /Users/jelena/IntelliJ/api-testing/src/test/java/features/apitests/authorization.feature
23:13:19.168 [main] INFO  com.intuit.karate - karate.env system property was: null 
23:13:19.198 [main] DEBUG com.intuit.karate - 
1 > POST http://207.154.242.0:8888/v1/authorize
1 > Accept-Encoding: gzip,deflate
1 > Connection: Keep-Alive
1 > Content-Length: 26
1 > Content-Type: application/json
1 > Host: 207.154.242.0:8888
1 > User-Agent: Apache-HttpClient/4.5.3 (Java/1.8.0_201)
{"login":"123","pwd":"47"}

23:13:19.329 [main] DEBUG com.intuit.karate - 
1 < 401
1 < Connection: keep-alive
1 < Content-Type: text/html;charset=UTF-8
1 < Date: Tue, 05 Mar 2019 21:13:19 GMT
1 < Server: nginx/1.13.3
1 < Transfer-Encoding: chunked
1 < X-Powered-By: PHP/7.1.8
{"Result":0,"Details":"User does not exists"}

23:13:19.329 [main] DEBUG com.intuit.karate - response time in milliseconds: 133
23:13:19.331 [main] ERROR com.intuit.karate - status code was: 401, expected: 400, response time: 133, url: http://207.154.242.0:8888/v1/authorize, response: {"Result":0,"Details":"User does not exists"}
23:13:19.336 [main] INFO  com.intuit.karate.StepDefs - ide running: /Users/jelena/IntelliJ/api-testing/src/test/java/features/apitests/authorization.feature
23:13:19.385 [main] INFO  com.intuit.karate - karate.env system property was: null 
23:13:19.440 [main] DEBUG com.intuit.karate - 
1 > POST http://207.154.242.0:8888/v1/authorize
1 > Accept-Encoding: gzip,deflate
1 > Connection: Keep-Alive
1 > Content-Length: 26
1 > Content-Type: application/json
1 > Host: 207.154.242.0:8888
1 > User-Agent: Apache-HttpClient/4.5.3 (Java/1.8.0_201)
{"login":"123","pwd":"47"}

23:13:19.559 [main] DEBUG com.intuit.karate - 
1 < 401
1 < Connection: keep-alive
1 < Content-Type: text/html;charset=UTF-8
1 < Date: Tue, 05 Mar 2019 21:13:19 GMT
1 < Server: nginx/1.13.3
1 < Transfer-Encoding: chunked
1 < X-Powered-By: PHP/7.1.8
{"Result":0,"Details":"User does not exists"}

23:13:19.560 [main] DEBUG com.intuit.karate - response time in milliseconds: 123
